2024-01-15 10:00:00.123 INFO [main] Application started successfully on port 8080
2024-01-15 10:01:23.456 DEBUG [db-pool] Connecting to database server at 192.168.1.50:5432
2024-01-15 10:02:34.789 INFO [auth] User john logged in from 192.168.1.105 with session_id=abc123xyz789
2024-01-15 10:03:45.012 ERROR [db-pool] Database connection failed: Connection refused (host=192.168.1.50, port=5432)
2024-01-15 10:04:56.345 WARN [monitor] Memory usage at 85% (threshold: 80%)
2024-01-15 10:05:12.678 INFO [api] Processing GET request from 172.16.0.12 to /api/v1/products
2024-01-15 10:06:23.901 ERROR [cache] Connection refused to payment gateway at https://api.payment.example.com
2024-01-15 10:07:34.234 FATAL [scheduler] System critical error: Disk space full on /var/log partition (99.8% used)
2024-01-15 10:08:45.567 INFO [auth] User alice logged in from 192.168.1.15 using OAuth2 token
2024-01-15 10:09:56.890 ERROR [api] Invalid API key provided by client 10.0.0.55: key_abcd1234
2024-01-15 10:10:12.123 WARN [security] Suspicious activity detected from 203.0.113.45: multiple failed auth attempts
2024-01-15 10:11:23.456 INFO [worker] Data export completed successfully: 15,234 records exported to CSV
2024-01-15 10:12:34.789 ERROR [cache] Connection refused to Redis cache server at 192.168.1.60:6379
2024-01-15 10:13:45.012 WARN [monitor] CPU usage at 90% (threshold: 75%)
2024-01-15 10:14:56.345 INFO [auth] User bob logged out, session duration: 2h 15m 42s
2024-01-15 10:15:12.678 DEBUG [api] Rate limit check passed for IP 192.168.1.105 (15/100 requests)
2024-01-15 10:16:23.901 ERROR [worker] Failed to send email to admin@example.com: SMTP server timeout
2024-01-15 10:17:34.234 INFO [scheduler] Backup job started: backup_daily_full_20240115
2024-01-15 10:18:45.567 WARN [api] Slow query detected: SELECT * FROM orders took 5.234s
2024-01-15 10:19:56.890 INFO [auth] Password reset requested for user: charlie from IP 172.16.0.99
2024-01-15 10:20:12.123 ERROR [queue] Invalid email format received: user@invalid@example.com
2024-01-15 10:21:23.456 DEBUG [websocket] Client connected: ws://192.168.1.15:8080/stream
2024-01-15 10:22:34.789 INFO [api] POST request to /api/v2/users completed in 123ms
2024-01-15 10:23:45.012 ERROR [auth] Login attempt with SQL injection detected from 10.0.0.55: username=admin'--
2024-01-15 10:24:56.345 WARN [disk] Low disk space on /tmp: 512MB remaining
2024-01-15 10:25:12.678 INFO [cache] Cache hit ratio: 87.3% over last 1000 requests
2024-01-15 10:26:23.901 FATAL [db-pool] Database connection pool exhausted: all 50 connections in use
2024-01-15 10:27:34.234 DEBUG [queue] Message queued for processing: job_id=q1w2e3r4t5
2024-01-15 10:28:45.567 INFO [auth] User dave logged in from 192.168.1.222 with 2FA enabled
2024-01-15 10:29:56.890 ERROR [api] Request validation failed: missing required field 'email' in JSON payload
2024-01-15 10:30:12.123 WARN [security] Brute force attack detected from 10.0.0.55: 25 failed logins in 5 minutes
2024-01-15 10:31:23.456 INFO [scheduler] Cleanup job completed: deleted 1,523 expired sessions
2024-01-15 10:32:34.789 DEBUG [http] Response sent with status 200 to 192.168.1.105 in 45ms
2024-01-15 10:33:45.012 ERROR [worker] API call to third-party service failed: HTTP 503 Service Unavailable
2024-01-15 10:34:56.345 INFO [auth] OAuth2 token refreshed for user alice, expires in 3600s
2024-01-15 10:35:12.678 WARN [monitor] Network latency spike detected: avg 250ms (normal: 15ms)
2024-01-15 10:36:23.901 ERROR [cache] Unable to read file: /opt/app/config/production.yml (Permission denied)
2024-01-15 10:37:34.234 INFO [api] DELETE request to /api/v1/comments/42 by user john (role=admin)
2024-01-15 10:38:45.567 DEBUG [transaction] Database transaction committed: txn_id=98765abcde
2024-01-15 10:39:56.890 FATAL [db-pool] Failed to bind to port 8080: Address already in use
2024-01-15 10:40:12.123 INFO [migration] Database migration applied: v2.3.1_add_user_roles
2024-01-15 10:41:23.456 WARN [ssl] SSL certificate expires in 15 days: cert_domain=api.example.com
2024-01-15 10:42:34.789 ERROR [api] JSON parsing error at line 42: unexpected token '}'
2024-01-15 10:43:45.012 INFO [metrics] Application metrics: uptime=43h 45m, requests=127,392, errors=234
2024-01-15 10:44:56.345 DEBUG [auth] Session validation completed for token: eyJhbGciOiJIUzI1NiIsInR5cCI6IkpXVCJ9...
2024-01-15 10:45:12.678 ERROR [queue] File upload failed: file size 150MB exceeds limit of 100MB
2024-01-15 10:46:23.901 INFO [worker] Batch processing started: processing 5,000 records
2024-01-15 10:47:34.234 WARN [deprecated] API endpoint /v1/legacy/users is deprecated, please use /v2/users
2024-01-15 10:48:45.567 ERROR [api] Request timeout after 30s for URL: https://api.external.com/data
2024-01-15 10:49:56.890 INFO [auth] Password changed successfully for user: emily
2024-01-15 10:50:12.123 DEBUG [db-pool] Connection pool stats: active=12, idle=8, total=20
2024-01-15 10:50:23.456 FATAL [scheduler] Out of memory error: cannot allocate 512MB for image processing
2024-01-15 10:50:34.789 INFO [api] Rate limit exceeded for IP 10.0.0.55 (101/100 requests in 1h)
2024-01-15 10:50:45.012 ERROR [cache] Phone number validation failed: +1-555-INVALID
2024-01-15 10:50:56.345 WARN [security] Potential XSS attack detected in parameter 'comment': <script>alert(1)</script>
2024-01-15 10:51:12.678 INFO [websocket] Client disconnected: session_duration=15m 32s
2024-01-15 10:51:23.901 DEBUG [cache] Cache entry expired: key=user_session_abc123
2024-01-15 10:51:34.234 ERROR [auth] LDAP authentication failed for user frank: invalid credentials
2024-01-15 10:51:45.567 INFO [scheduler] Report generation completed: monthly_report_jan_2024.pdf (2.3MB)
2024-01-15 10:51:56.890 WARN [health] Health check failed for dependency: elasticsearch-cluster (timeout)
2024-01-15 10:52:12.123 ERROR [worker] Regular expression compilation failed: invalid syntax in pattern '([a-z]{2,'
2024-01-15 10:52:23.456 INFO [auth] Multi-factor authentication enabled for user: george
2024-01-15 10:52:34.789 DEBUG [router] Route matched: /api/v2/orders/:id -> OrderController.show
2024-01-15 10:52:45.012 FATAL [db-pool] Security breach detected: unauthorized access to /admin/secrets from 203.0.113.45
2024-01-15 10:52:56.345 INFO [worker] PDF generation completed in 1.234s: invoice_INV-2024-001.pdf
2024-01-15 10:53:12.678 ERROR [api] Network unreachable: cannot connect to 192.168.100.50
2024-01-15 10:53:23.901 WARN [session] Session cleanup: removed 157 expired sessions from cache
2024-01-15 10:53:34.234 INFO [api] GraphQL query executed in 234ms: query { users(limit: 100) { id name email } }
2024-01-15 10:53:45.567 DEBUG [middleware] CORS headers added for origin: https://app.example.com
2024-01-15 10:53:56.890 ERROR [queue] Failed to serialize object to JSON: circular reference detected
2024-01-15 10:54:12.123 FATAL [cache] Critical memory leak detected in connection pool subsystem
2024-01-15 10:54:23.456 ERROR [api] Authentication token expired for user session_id=xyz789
2024-01-15 10:54:34.789 WARN [db-pool] Slow transaction detected: txn_id=abc123 took 8.5s to commit
2024-01-15 10:54:45.012 INFO [scheduler] Scheduled maintenance task completed in 2.1s
2024-01-15 10:54:56.345 ERROR [worker] Failed to connect to message broker at 192.168.1.75:5672
2024-01-15 10:55:12.678 DEBUG [cache] Cache warming completed: loaded 5,432 entries in 1.2s
2024-01-15 10:55:23.901 FATAL [db-pool] Database server not responding: timeout after 30s
2024-01-15 10:55:34.234 ERROR [auth] Invalid password format: must contain at least one special character
2024-01-15 10:55:45.567 INFO [api] WebSocket connection established with client 192.168.1.88
2024-01-15 10:55:56.890 WARN [monitor] Database connection count at 45/50 (90% capacity)
2024-01-15 10:56:12.123 ERROR [queue] Message delivery failed: queue full (10000/10000 messages)
2024-01-15 10:56:23.456 DEBUG [auth] JWT token validation successful for user_id=12345
2024-01-15 10:56:34.789 FATAL [scheduler] Deadlock detected in transaction processing subsystem
2024-01-15 10:56:45.012 ERROR [api] Rate limiting triggered: client 10.0.0.88 exceeded 100 req/min
2024-01-15 10:56:56.345 INFO [worker] Background job completed: processed 2,345 records in 15.2s
2024-01-15 10:57:12.678 ERROR [cache] Redis sentinel failover initiated: master node unreachable
2024-01-15 10:57:23.901 WARN [db-pool] Connection leak detected: 5 connections not returned to pool
2024-01-15 10:57:34.234 FATAL [api] Unhandled exception in request handler: NullPointerException at line 234
2024-01-15 10:57:45.567 ERROR [auth] Account locked after 5 failed login attempts for user: helen
2024-01-15 10:57:56.890 INFO [scheduler] Daily backup completed successfully: 15.3GB backed up
2024-01-15 10:58:12.123 DEBUG [api] Request body validation passed: all required fields present
2024-01-15 10:58:23.456 ERROR [worker] Failed to parse XML response from external API: malformed document
2024-01-15 10:58:34.789 FATAL [db-pool] Replication lag detected: slave database 45s behind master
2024-01-15 10:58:45.012 WARN [cache] Cache eviction triggered: memory usage at 95%
2024-01-15 10:58:56.345 ERROR [api] SSL handshake failed with client 10.0.0.99: certificate verification failed
2024-01-15 10:59:12.678 INFO [auth] Password reset email sent to user: iris@example.com
2024-01-15 10:59:23.901 ERROR [queue] Dead letter queue threshold reached: 100 failed messages
2024-01-15 10:59:34.234 DEBUG [cache] Cache statistics: hits=8234, misses=1234, hit_ratio=87%
2024-01-15 10:59:45.567 FATAL [scheduler] Scheduler thread crashed: OutOfMemoryError
2024-01-15 10:59:56.890 ERROR [api] Database constraint violation: duplicate key error for user_email
2024-01-15 11:00:12.123 WARN [worker] Message processing delayed: queue backlog at 5000 messages
2024-01-15 11:00:23.456 INFO [auth] User session refreshed: session_id=def456 extended by 1h
2024-01-15 11:00:34.789 ERROR [db-pool] Connection validation failed: stale connection detected
2024-01-15 11:00:45.012 FATAL [api] Service degradation: error rate at 25% over last 5 minutes
2024-01-15 11:00:56.345 ERROR [cache] Failed to persist cache snapshot to disk: I/O error
2024-01-15 11:01:12.678 DEBUG [auth] Permission check passed: user john has admin role
2024-01-15 11:01:23.456 WARN [scheduler] Job execution delayed by 30s: high system load
2024-01-15 11:01:34.789 ERROR [api] Invalid JSON in request body: unexpected end of input
2024-01-15 11:01:45.012 INFO [worker] Message consumed from queue: processing order_id=98765
2024-01-15 11:01:56.890 FATAL [db-pool] Primary database connection lost: attempting failover
2024-01-15 11:02:12.123 ERROR [cache] Cache synchronization failed: network partition detected
2024-01-15 11:02:23.456 WARN [api] Deprecated API version v1 used: will be removed in 30 days
2024-01-15 11:02:34.789 ERROR [auth] OAuth token validation failed: token signature invalid
2024-01-15 11:02:45.012 DEBUG [queue] Queue health check passed: all consumers active
2024-01-15 11:02:56.345 FATAL [scheduler] Critical error in scheduled task: ArrayIndexOutOfBoundsException
2024-01-15 11:03:12.678 ERROR [api] CORS policy violation: origin https://untrusted.com blocked
2024-01-15 11:03:23.901 INFO [worker] Batch import completed: 10,000 records inserted successfully
2024-01-15 11:03:34.234 ERROR [db-pool] Transaction rollback: constraint violation detected
2024-01-15 11:03:45.567 WARN [cache] Cache coherence issue: stale data detected in replica
2024-01-15 11:03:56.890 FATAL [api] Thread pool exhausted: all 200 threads in use
2024-01-15 11:04:12.123 ERROR [auth] SAML assertion validation failed: signature mismatch
2024-01-15 11:04:23.456 DEBUG [scheduler] Next scheduled task in 5m: cleanup_temp_files
2024-01-15 11:04:34.789 ERROR [worker] Message processing failed: deserialization error
2024-01-15 11:04:45.012 INFO [api] Health check endpoint returned 200 OK in 5ms
2024-01-15 11:04:56.345 FATAL [db-pool] Connection pool initialization failed: invalid credentials
2024-01-15 11:05:12.678 ERROR [cache] Failed to connect to cache cluster: all nodes unreachable
2024-01-15 11:05:23.901 WARN [api] High latency detected: p99 latency at 2.5s (threshold: 1s)
2024-01-15 11:05:34.234 ERROR [auth] Password hash verification failed: bcrypt error
2024-01-15 11:05:45.567 DEBUG [queue] Message acknowledged: msg_id=abc123xyz
2024-01-15 11:05:56.890 FATAL [scheduler] Job scheduler stopped: unrecoverable error
2024-01-15 11:06:12.123 ERROR [api] Request rejected: payload size 10MB exceeds limit of 5MB
2024-01-15 11:06:23.456 INFO [worker] File processing completed: processed document.pdf in 3.2s
2024-01-15 11:06:34.789 ERROR [db-pool] Query execution failed: syntax error in SQL statement
2024-01-15 11:06:45.012 WARN [cache] Cache write behind queue full: throttling writes
2024-01-15 11:06:56.345 FATAL [api] Application crash: segmentation fault in native library
2024-01-15 11:07:12.678 ERROR [auth] Session hijacking attempt detected from IP 203.0.113.45
2024-01-15 11:07:23.901 DEBUG [scheduler] Task execution completed: runtime=1234ms
2024-01-15 11:07:34.234 ERROR [worker] Failed to acquire distributed lock: timeout after 10s
2024-01-15 11:07:45.567 INFO [api] API key rotated successfully for client_id=client_12345
2024-01-15 11:07:56.890 FATAL [db-pool] Database corruption detected: data integrity check failed
2024-01-15 11:08:12.123 ERROR [cache] Eviction policy failure: unable to free memory
2024-01-15 11:08:23.456 WARN [api] Unusual traffic pattern: 1000 requests from single IP in 1 minute
2024-01-15 11:08:34.789 ERROR [auth] Multi-factor authentication code expired: max retry exceeded
2024-01-15 11:08:45.012 DEBUG [queue] Consumer registered: consumer_id=worker_01
2024-01-15 11:08:56.345 FATAL [scheduler] Unable to persist job state: disk write error
2024-01-15 11:09:12.678 ERROR [api] Gateway timeout: upstream service did not respond in 60s
2024-01-15 11:09:23.901 INFO [worker] Data transformation completed: 5000 records processed
2024-01-15 11:09:34.234 ERROR [db-pool] Prepared statement cache full: clearing cache
2024-01-15 11:09:45.567 WARN [cache] Replication lag detected: secondary cache 10s behind primary
2024-01-15 11:09:56.890 FATAL [api] Fatal error in request processing: stack overflow
2024-01-15 11:10:12.123 ERROR [auth] Authorization header missing in request from 10.0.0.77
2024-01-15 11:10:23.456 DEBUG [scheduler] Scheduling next job execution at 2024-01-15 11:15:00
2024-01-15 11:10:34.789 ERROR [worker] Job execution timeout: job terminated after 300s
2024-01-15 11:10:45.012 INFO [api] REST API request logged: POST /api/v3/orders duration=456ms
2024-01-15 11:11:12.678 ERROR [db-pool] Connection refused by database server: too many connections
2024-01-15 11:11:23.901 WARN [cache] Cache node failure: redirecting traffic to backup node
2024-01-15 11:11:34.234 ERROR [api] XML schema validation failed: element 'order' not found
2024-01-15 11:11:45.567 DEBUG [auth] Access token generated: expires_in=3600s
2024-01-15 11:12:12.123 FATAL [scheduler] Scheduler service terminated: shutdown signal received
2024-01-15 11:12:23.456 ERROR [worker] Duplicate message detected: msg_id=duplicate_123
2024-01-15 11:12:34.789 INFO [api] Circuit breaker opened: too many failures to external service
2024-01-15 11:12:45.012 ERROR [db-pool] Index corruption detected: rebuilding index users_email_idx
2024-01-15 11:13:12.678 WARN [cache] Memory pressure detected: triggering aggressive eviction
2024-01-15 11:13:23.901 ERROR [api] WebSocket connection closed unexpectedly: client timeout
2024-01-15 11:13:34.234 DEBUG [auth] Permission denied: user lacks required scope 'admin:write'
2024-01-15 11:13:45.567 FATAL [queue] Message broker connection lost: entering degraded mode
2024-01-15 11:14:12.123 ERROR [scheduler] Cron expression parsing failed: invalid syntax '0 0 32 * *'
2024-01-15 11:14:23.456 INFO [worker] Async task completed: callback invoked successfully
2024-01-15 11:14:34.789 ERROR [api] Content type mismatch: expected application/json, got text/plain
2024-01-15 11:14:45.012 WARN [db-pool] Long-running query detected: query running for 60s
2024-01-15 11:15:12.678 ERROR [cache] Failed to deserialize cached object: class not found
2024-01-15 11:15:23.901 DEBUG [api] Request headers validated: all required headers present
2024-01-15 11:15:34.234 FATAL [auth] Authentication service unavailable: all auth servers down
2024-01-15 11:15:45.567 ERROR [scheduler] Job retry limit exceeded: marking job as failed
2024-01-15 11:16:12.123 INFO [worker] Export job completed: generated report.xlsx (5.2MB)
2024-01-15 11:16:23.456 ERROR [api] HTTP client error: SSL certificate has expired
2024-01-15 11:16:34.789 WARN [db-pool] Connection pool near capacity: 48/50 connections in use
2024-01-15 11:16:45.012 ERROR [queue] Failed to publish message: broker queue full
2024-01-15 11:17:12.678 DEBUG [cache] Cache key generated: hash=md5(user:12345:profile)
2024-01-15 11:17:23.901 FATAL [api] Service startup failed: port 8080 already in use
2024-01-15 11:17:34.234 ERROR [auth] Password complexity check failed: password too simple
2024-01-15 11:17:45.567 INFO [scheduler] Periodic health check completed: all systems operational
2024-01-15 11:18:12.123 ERROR [worker] Message parsing error: invalid UTF-8 sequence
2024-01-15 11:18:23.456 WARN [api] Response time degraded: average latency 1.5s (baseline: 200ms)
2024-01-15 11:18:34.789 ERROR [db-pool] Transaction deadlock detected: rolling back transaction
2024-01-15 11:18:45.012 DEBUG [cache] Cache refresh completed: updated 234 entries
2024-01-15 11:19:12.678 FATAL [scheduler] Unable to load job configuration: file not found
2024-01-15 11:19:23.901 ERROR [api] Payload validation error: field 'amount' must be positive
2024-01-15 11:19:34.234 INFO [worker] Notification sent successfully: email delivered to user@example.com